<?xml version="1.0" encoding="UTF-8"?>
<testng-results skipped="0" failed="0" total="0" passed="0">
  <reporter-output>
  </reporter-output>
  <suite name="Exmel Suite - Smoke Test" duration-ms="2" started-at="2016-04-11T23:14:32Z" finished-at="2016-04-11T23:14:32Z">
    <groups>
    </groups>
    <test name="Exmel.AutomationTests" duration-ms="2" started-at="2016-04-11T23:14:32Z" finished-at="2016-04-11T23:14:32Z">
    </test> <!-- Exmel.AutomationTests -->
  </suite> <!-- Exmel Suite - Smoke Test -->
</testng-results>
